# JRE version: OpenJDK Runtime Environment (11.0.13) (build 11.0.13+0-b1751.21-8125866)
# Java VM: OpenJDK 64-Bit Server VM (11.0.13+0-b1751.21-8125866, mixed mode, tiered, compressed oops, g1 gc, windows-amd64)
Heap:
 garbage-first heap   total 555008K, used 269967K [0x0000000080000000, 0x0000000100000000)
  region size 1024K, 2 young (2048K), 2 survivors (2048K)
 Metaspace       used 245912K, capacity 254786K, committed 256104K, reserved 1271808K
  class space    used 29977K, capacity 33038K, committed 33740K, reserved 1048576K
GC Heap History (20 events):
Event: 16345.613 GC heap after
{Heap after GC invocations=373 (full 0):
 garbage-first heap   total 439296K, used 280559K [0x0000000080000000, 0x0000000100000000)
  region size 1024K, 6 young (6144K), 6 survivors (6144K)
 Metaspace       used 244282K, capacity 252984K, committed 254696K, reserved 1269760K
  class space    used 29726K, capacity 32708K, committed 33612K, reserved 1048576K
}
Event: 16345.868 GC heap before
{Heap before GC invocations=373 (full 0):
 garbage-first heap   total 439296K, used 366575K [0x0000000080000000, 0x0000000100000000)
  region size 1024K, 77 young (78848K), 6 survivors (6144K)
 Metaspace       used 244321K, capacity 253038K, committed 254696K, reserved 1269760K
  class space    used 29734K, capacity 32723K, committed 33612K, reserved 1048576K
}
Event: 16345.878 GC heap after
{Heap after GC invocations=374 (full 0):
 garbage-first heap   total 439296K, used 284879K [0x0000000080000000, 0x0000000100000000)
  region size 1024K, 10 young (10240K), 10 survivors (10240K)
 Metaspace       used 244321K, capacity 253038K, committed 254696K, reserved 1269760K
  class space    used 29734K, capacity 32723K, committed 33612K, reserved 1048576K
}
Event: 16346.180 GC heap before
{Heap before GC invocations=375 (full 0):
 garbage-first heap   total 439296K, used 354511K [0x0000000080000000, 0x0000000100000000)
  region size 1024K, 79 young (80896K), 10 survivors (10240K)
 Metaspace       used 244412K, capacity 253190K, committed 254696K, reserved 1269760K
  class space    used 29750K, capacity 32751K, committed 33612K, reserved 1048576K
}
Event: 16346.185 GC heap after
{Heap after GC invocations=376 (full 0):
 garbage-first heap   total 439296K, used 277904K [0x0000000080000000, 0x0000000100000000)
  region size 1024K, 2 young (2048K), 2 survivors (2048K)
 Metaspace       used 244412K, capacity 253190K, committed 254696K, reserved 1269760K
  class space    used 29750K, capacity 32751K, committed 33612K, reserved 1048576K
}
Event: 16346.288 GC heap before
{Heap before GC invocations=376 (full 0):
 garbage-first heap   total 439296K, used 296336K [0x0000000080000000, 0x0000000100000000)
  region size 1024K, 21 young (21504K), 2 survivors (2048K)
 Metaspace       used 244415K, capacity 253193K, committed 254696K, reserved 1269760K
  class space    used 29750K, capacity 32752K, committed 33612K, reserved 1048576K
}
Event: 16346.304 GC heap after
{Heap after GC invocations=377 (full 0):
 garbage-first heap   total 439296K, used 271934K [0x0000000080000000, 0x0000000100000000)
  region size 1024K, 3 young (3072K), 3 survivors (3072K)
 Metaspace       used 244415K, capacity 253193K, committed 254696K, reserved 1269760K
  class space    used 29750K, capacity 32752K, committed 33612K, reserved 1048576K
}
Event: 16346.572 GC heap before
{Heap before GC invocations=377 (full 0):
 garbage-first heap   total 439296K, used 352830K [0x0000000080000000, 0x0000000100000000)
  region size 1024K, 84 young (86016K), 3 survivors (3072K)
 Metaspace       used 244610K, capacity 253423K, committed 254952K, reserved 1271808K
  class space    used 29777K, capacity 32805K, committed 33612K, reserved 1048576K
}
Event: 16346.579 GC heap after
{Heap after GC invocations=378 (full 0):
 garbage-first heap   total 439296K, used 279139K [0x0000000080000000, 0x0000000100000000)
  region size 1024K, 10 young (10240K), 10 survivors (10240K)
 Metaspace       used 244610K, capacity 253423K, committed 254952K, reserved 1271808K
  class space    used 29777K, capacity 32805K, committed 33612K, reserved 1048576K
}
Event: 16346.770 GC heap before
{Heap before GC invocations=378 (full 0):
 garbage-first heap   total 439296K, used 332387K [0x0000000080000000, 0x0000000100000000)
  region size 1024K, 87 young (89088K), 10 survivors (10240K)
 Metaspace       used 245037K, capacity 253821K, committed 255336K, reserved 1271808K
  class space    used 29861K, capacity 32893K, committed 33740K, reserved 1048576K
}
Event: 16346.787 GC heap after
{Heap after GC invocations=379 (full 0):
 garbage-first heap   total 439296K, used 268862K [0x0000000080000000, 0x0000000100000000)
  region size 1024K, 11 young (11264K), 11 survivors (11264K)
 Metaspace       used 245037K, capacity 253821K, committed 255336K, reserved 1271808K
  class space    used 29861K, capacity 32893K, committed 33740K, reserved 1048576K
}
Event: 16346.977 GC heap before
{Heap before GC invocations=380 (full 0):
 garbage-first heap   total 439296K, used 350782K [0x0000000080000000, 0x0000000100000000)
  region size 1024K, 92 young (94208K), 11 survivors (11264K)
 Metaspace       used 245283K, capacity 254113K, committed 255592K, reserved 1271808K
  class space    used 29919K, capacity 32949K, committed 33740K, reserved 1048576K
}
Event: 16346.990 GC heap after
{Heap after GC invocations=381 (full 0):
 garbage-first heap   total 439296K, used 277167K [0x0000000080000000, 0x0000000100000000)
  region size 1024K, 11 young (11264K), 11 survivors (11264K)
 Metaspace       used 245283K, capacity 254113K, committed 255592K, reserved 1271808K
  class space    used 29919K, capacity 32949K, committed 33740K, reserved 1048576K
}
Event: 16347.012 GC heap before
{Heap before GC invocations=381 (full 0):
 garbage-first heap   total 439296K, used 287407K [0x0000000080000000, 0x0000000100000000)
  region size 1024K, 21 young (21504K), 11 survivors (11264K)
 Metaspace       used 245305K, capacity 254119K, committed 255592K, reserved 1271808K
  class space    used 29919K, capacity 32949K, committed 33740K, reserved 1048576K
}
Event: 16347.027 GC heap after
{Heap after GC invocations=382 (full 0):
 garbage-first heap   total 439296K, used 261146K [0x0000000080000000, 0x0000000100000000)
  region size 1024K, 3 young (3072K), 3 survivors (3072K)
 Metaspace       used 245305K, capacity 254119K, committed 255592K, reserved 1271808K
  class space    used 29919K, capacity 32949K, committed 33740K, reserved 1048576K
}
Event: 16347.227 GC heap before
{Heap before GC invocations=382 (full 0):
 garbage-first heap   total 439296K, used 348186K [0x0000000080000000, 0x0000000100000000)
  region size 1024K, 89 young (91136K), 3 survivors (3072K)
 Metaspace       used 245558K, capacity 254380K, committed 255592K, reserved 1271808K
  class space    used 29961K, capacity 32991K, committed 33740K, reserved 1048576K
}
Event: 16347.240 GC heap after
{Heap after GC invocations=383 (full 0):
 garbage-first heap   total 439296K, used 268608K [0x0000000080000000, 0x0000000100000000)
  region size 1024K, 10 young (10240K), 10 survivors (10240K)
 Metaspace       used 245558K, capacity 254380K, committed 255592K, reserved 1271808K
  class space    used 29961K, capacity 32991K, committed 33740K, reserved 1048576K
}
Event: 16347.607 GC heap before
{Heap before GC invocations=384 (full 0):
 garbage-first heap   total 439296K, used 355648K [0x0000000080000000, 0x0000000100000000)
  region size 1024K, 95 young (97280K), 10 survivors (10240K)
 Metaspace       used 245887K, capacity 254776K, committed 256104K, reserved 1271808K
  class space    used 29973K, capacity 33035K, committed 33740K, reserved 1048576K
}
Event: 16347.617 GC heap after
{Heap after GC invocations=385 (full 0):
 garbage-first heap   total 439296K, used 271530K [0x0000000080000000, 0x0000000100000000)
  region size 1024K, 4 young (4096K), 4 survivors (4096K)
 Metaspace       used 245887K, capacity 254776K, committed 256104K, reserved 1271808K
  class space    used 29973K, capacity 33035K, committed 33740K, reserved 1048576K
}
Event: 16347.642 GC heap before
{Heap before GC invocations=385 (full 0):
 garbage-first heap   total 439296K, used 288938K [0x0000000080000000, 0x0000000100000000)
  region size 1024K, 21 young (21504K), 4 survivors (4096K)
 Metaspace       used 245912K, capacity 254786K, committed 256104K, reserved 1271808K
  class space    used 29977K, capacity 33038K, committed 33740K, reserved 1048576K
}

